\BOOKMARK [0][-]{chapter.1}{Introduction}{}% 1
\BOOKMARK [1][-]{section.1.1}{Neutrino Oscillations}{chapter.1}% 2
\BOOKMARK [0][-]{chapter.2}{The T2K Experiment}{}% 3
\BOOKMARK [1][-]{section.2.1}{Accelerator complex}{chapter.2}% 4
\BOOKMARK [2][-]{subsection.2.1.1}{Proton Accelerators}{section.2.1}% 5
\BOOKMARK [2][-]{subsection.2.1.2}{Neutrino beamline}{section.2.1}% 6
\BOOKMARK [1][-]{section.2.2}{Near detector complex}{chapter.2}% 7
\BOOKMARK [2][-]{subsection.2.2.1}{Multi-Pixel Photon Counter}{section.2.2}% 8
\BOOKMARK [2][-]{subsection.2.2.2}{INGRID}{section.2.2}% 9
\BOOKMARK [2][-]{subsection.2.2.3}{ND280}{section.2.2}% 10
\BOOKMARK [2][-]{subsection.2.2.4}{The far detector}{section.2.2}% 11
\BOOKMARK [0][-]{chapter.3}{ND280 ECal event reconstruction and software}{}% 12
\BOOKMARK [1][-]{section.3.1}{Real data processing}{chapter.3}% 13
\BOOKMARK [1][-]{section.3.2}{Monte Carlo event simulation}{chapter.3}% 14
\BOOKMARK [2][-]{subsection.3.2.1}{Neutrino flux prediction}{section.3.2}% 15
\BOOKMARK [2][-]{subsection.3.2.2}{Neutrino interaction simulation}{section.3.2}% 16
\BOOKMARK [2][-]{subsection.3.2.3}{ND280 detector simulation}{section.3.2}% 17
\BOOKMARK [2][-]{subsection.3.2.4}{Detector response simulation}{section.3.2}% 18
\BOOKMARK [2][-]{subsection.3.2.5}{Detector calibration}{section.3.2}% 19
\BOOKMARK [2][-]{subsection.3.2.6}{Event reconstruction}{section.3.2}% 20
\BOOKMARK [1][-]{section.3.3}{ECal event reconstruction}{chapter.3}% 21
\BOOKMARK [2][-]{subsection.3.3.1}{Hit preparation}{section.3.3}% 22
\BOOKMARK [2][-]{subsection.3.3.2}{Basic clustering}{section.3.3}% 23
\BOOKMARK [2][-]{subsection.3.3.3}{Cluster combination}{section.3.3}% 24
\BOOKMARK [2][-]{subsection.3.3.4}{Cluster expansion}{section.3.3}% 25
\BOOKMARK [2][-]{subsection.3.3.5}{3D cluster formation}{section.3.3}% 26
\BOOKMARK [2][-]{subsection.3.3.6}{3D hit reconstruction}{section.3.3}% 27
\BOOKMARK [2][-]{subsection.3.3.7}{Energy reconstruction}{section.3.3}% 28
\BOOKMARK [2][-]{subsection.3.3.8}{Event classification}{section.3.3}% 29
\BOOKMARK [0][-]{chapter.4}{Enhanced ECal reconstruction}{}% 30
\BOOKMARK [1][-]{section.4.1}{The Hough transform}{chapter.4}% 31
\BOOKMARK [2][-]{subsection.4.1.1}{Line-point duality}{section.4.1}% 32
\BOOKMARK [2][-]{subsection.4.1.2}{The parameter space}{section.4.1}% 33
\BOOKMARK [2][-]{subsection.4.1.3}{Redefinition of parameters}{section.4.1}% 34
\BOOKMARK [2][-]{subsection.4.1.4}{Discretisation of the parameter space}{section.4.1}% 35
\BOOKMARK [1][-]{section.4.2}{ECal application of the Hough transform}{chapter.4}% 36
\BOOKMARK [2][-]{subsection.4.2.1}{Modelling the ECal bar}{section.4.2}% 37
\BOOKMARK [2][-]{subsection.4.2.2}{Parameter space generation}{section.4.2}% 38
\BOOKMARK [2][-]{subsection.4.2.3}{Parameter space analysis}{section.4.2}% 39
\BOOKMARK [2][-]{subsection.4.2.4}{3D track reconstruction}{section.4.2}% 40
\BOOKMARK [1][-]{section.4.3}{Validation of the reconstruction}{chapter.4}% 41
\BOOKMARK [0][-]{chapter.5}{Magnetic field simulation in ND280}{}% 42
\BOOKMARK [1][-]{section.5.1}{Magnetic field model in the ND280 flux return}{chapter.5}% 43
\BOOKMARK [1][-]{section.5.2}{Effect of magnetic field on the ECal}{chapter.5}% 44
\BOOKMARK [0][-]{chapter.6}{Selection of neutrino interactions in the ECal}{}% 45
\BOOKMARK [1][-]{section.6.1}{Data selection}{chapter.6}% 46
\BOOKMARK [1][-]{section.6.2}{Monte Carlo selection}{chapter.6}% 47
\BOOKMARK [1][-]{section.6.3}{Properties of events in selection}{chapter.6}% 48
\BOOKMARK [0][-]{chapter.7}{Evaluation of systematic uncertainties}{}% 49
\BOOKMARK [1][-]{section.7.1}{Flux systematics}{chapter.7}% 50
\BOOKMARK [1][-]{section.7.2}{Cross-section systematics}{chapter.7}% 51
\BOOKMARK [1][-]{section.7.3}{Detector systematics}{chapter.7}% 52
\BOOKMARK [0][-]{chapter.8}{Cross-section measurement}{}% 53
\BOOKMARK [1][-]{section.8.1}{Measurement method}{chapter.8}% 54
\BOOKMARK [1][-]{section.8.2}{Validation of method}{chapter.8}% 55
\BOOKMARK [1][-]{section.8.3}{Applying the fit to ND280 data}{chapter.8}% 56
\BOOKMARK [0][-]{chapter.9}{Discussion and conclusions}{}% 57
\BOOKMARK [1][-]{section.9.1}{Discussion}{chapter.9}% 58
\BOOKMARK [1][-]{section.9.2}{Conclusions}{chapter.9}% 59
\BOOKMARK [0][-]{appendix*.13}{Bibliography}{}% 60
\BOOKMARK [0][-]{appendix*.14}{List of Figures}{}% 61
\BOOKMARK [0][-]{appendix*.15}{List of Tables}{}% 62
